[004d19:35:54] INFO     SensDot Office: Logging system initialized on ESP32
[004d19:35:54] WARN     SensDot Office: This is a warning message
[004d19:35:54] ERROR    SensDot Office: This is an error message
[004d19:35:54] INFO     SensDot Office: Device ID: 50787d47607c
[004d19:35:54] INFO     SensDot Office: Sensor reading #0: temp=25.0°C, humidity=60.0%
[004d19:35:56] INFO     SensDot Office: Sensor reading #1: temp=25.1°C, humidity=60.1%
[004d19:35:57] INFO     SensDot Office: Sensor reading #2: temp=25.2°C, humidity=60.2%
[004d19:35:58] INFO     SensDot Office: Sensor reading #3: temp=25.3°C, humidity=60.3%
[004d19:35:59] INFO     SensDot Office: Sensor reading #4: temp=25.4°C, humidity=60.4%
[004d19:36:00] ERROR    SensDot Office: Exception logging failed: local variable referenced before assignment
[004d19:36:00] INFO     SensDot Office: Log stats: {'console_output': True, 'level': 'INFO', 'max_file_size': 10240, 'max_files': 3, 'log_file': 'logs/sensdot.log', 'current_size': 821}
[004d19:39:04] INFO     SensDot Office: Logging system initialized on ESP32
[004d19:39:04] WARN     SensDot Office: This is a warning message
[004d19:39:04] ERROR    SensDot Office: This is an error message
[004d19:39:04] INFO     SensDot Office: Device ID: 50787d47607c
[004d19:39:04] INFO     SensDot Office: Sensor reading #0: temp=25.0°C, humidity=60.0%
[004d19:39:05] INFO     SensDot Office: Sensor reading #1: temp=25.1°C, humidity=60.1%
[004d19:39:06] INFO     SensDot Office: Sensor reading #2: temp=25.2°C, humidity=60.2%
[004d19:39:07] INFO     SensDot Office: Sensor reading #3: temp=25.3°C, humidity=60.3%
[004d19:39:08] INFO     SensDot Office: Sensor reading #4: temp=25.4°C, humidity=60.4%
[004d19:39:09] ERROR    SensDot Office: Exception logging failed: local variable referenced before assignment
[004d19:39:09] INFO     SensDot Office: Log stats: {'log_file': 'logs/sensdot.log', 'ends_with_newline': True, 'console_output': True, 'level': 'INFO', 'max_file_size': 10240, 'max_files': 3, 'current_size': 1828}
[004d19:43:15] ERROR    SensDot Office: Exception logging failed: 'module' object has no attribute 'exc_info'
[004d19:43:15] ERROR    SensDot Office: Exception logging failed: 'module' object has no attribute 'exc_info'
[004d19:43:15] ERROR    SensDot Office: Exception logging failed: 'module' object has no attribute 'exc_info'
[004d19:44:01] ERROR    SensDot Office: Division by zero test
[004d19:44:01] ERROR    SensDot Office: Key error test
[004d19:44:01] ERROR    SensDot Office: No active exception test
[004d19:44:33] INFO     SensDot Office: Logging system initialized on ESP32
[004d19:44:33] WARN     SensDot Office: This is a warning message
[004d19:44:33] ERROR    SensDot Office: This is an error message
[004d19:44:33] INFO     SensDot Office: Device ID: 50787d47607c
[004d19:44:33] INFO     SensDot Office: Sensor reading #0: temp=25.0°C, humidity=60.0%
[004d19:44:34] INFO     SensDot Office: Sensor reading #1: temp=25.1°C, humidity=60.1%
[004d19:44:35] INFO     SensDot Office: Sensor reading #2: temp=25.2°C, humidity=60.2%
[004d19:44:36] INFO     SensDot Office: Sensor reading #3: temp=25.3°C, humidity=60.3%
[004d19:44:37] INFO     SensDot Office: Sensor reading #4: temp=25.4°C, humidity=60.4%
[004d19:44:38] ERROR    SensDot Office: Test exception caught
[004d19:44:39] INFO     SensDot Office: Log stats: {'log_file': 'logs/sensdot.log', 'ends_with_newline': True, 'console_output': True, 'level': 'INFO', 'max_file_size': 10240, 'max_files': 3, 'current_size': 3327}
[2000-01-05 19:53:07] INFO     SensDot Office: Testing NTP time synchronization...
[2000-01-05 19:53:07] INFO     SensDot Office: Time before sync: 417187
[2000-01-05 19:53:08] INFO     SensDot Office: Sync status before: {'time_since_sync': -1, 'timezone_offset': 2, 'sync_interval': 3600, 'current_time': 417188, 'synced': False, 'formatted_time': '2000-01-05 19:53:08', 'last_sync_time': 0}
[2000-01-05 19:53:08] INFO     SensDot Office: Attempting NTP synchronization...
[2055-08-28 13:09:20] INFO     SensDot Office: Time synchronized with pool.ntp.org: 2055-08-28 13:09:20
[2055-08-28 13:09:20] INFO     SensDot Office: NTP synchronization successful!
[2055-08-28 13:09:20] INFO     SensDot Office: Sync status after: {'time_since_sync': 0, 'timezone_offset': 2, 'sync_interval': 3600, 'current_time': 1756386560, 'synced': True, 'formatted_time': '2055-08-28 13:09:20', 'last_sync_time': 1756386560}
[2055-08-28 13:09:20] INFO     SensDot Office: Formatted time: 2055-08-28 13:09:20
[2055-08-28 13:09:20] INFO     SensDot Office: Global formatted time: 2055-08-28 13:09:20
[2055-08-28 13:09:20] INFO     SensDot Office: Testing auto sync check...
[2055-08-28 11:09:20] INFO     SensDot Office: Quick NTP sync successful
[2055-08-28 11:09:20] INFO     SensDot Office: Current time: 2055-08-28 11:09:20
